Flutter crash report.
Please report a bug at https://github.com/flutter/flutter/issues.

## command

flutter pub get --no-example

## exception

PathAccessException: PathAccessException: Cannot open file, path = 'C:\src\flutter\bin\cache\engine.realm' (OS Error: The process cannot access the file because it is being used by another process, errno = 32)

```
#0      _File.throwIfError (dart:io/file_impl.dart:779:7)
#1      _File.openSync (dart:io/file_impl.dart:572:5)
#2      _File.readAsBytesSync (dart:io/file_impl.dart:660:18)
#3      _File.readAsStringSync (dart:io/file_impl.dart:715:18)
#4      ForwardingFile.readAsStringSync (package:file/src/forwarding/forwarding_file.dart:99:16)
#5      ErrorHandlingFile.readAsStringSync.<anonymous closure> (package:flutter_tools/src/base/error_handling_io.dart:212:22)
#6      _runSync (package:flutter_tools/src/base/error_handling_io.dart:552:14)
#7      ErrorHandlingFile.readAsStringSync (package:flutter_tools/src/base/error_handling_io.dart:211:12)
#8      Cache.getRealmFor (package:flutter_tools/src/cache.dart:692:47)
#9      Cache.storageRealm (package:flutter_tools/src/cache.dart:508:23)
#10     Cache.storageBaseUrl (package:flutter_tools/src/cache.dart:531:14)
#11     Cache._createUpdater (package:flutter_tools/src/cache.dart:230:33)
#12     Cache._artifactUpdater (package:flutter_tools/src/cache.dart:213:49)
#13     Cache._artifactUpdater (package:flutter_tools/src/cache.dart)
#14     Cache.updateAll (package:flutter_tools/src/cache.dart:761:31)
<asynchronous suspension>
#15     FlutterCommand.verifyThenRunCommand (package:flutter_tools/src/runner/flutter_command.dart:1905:7)
<asynchronous suspension>
#16     FlutterCommand.run.<anonymous closure> (package:flutter_tools/src/runner/flutter_command.dart:1590:27)
<asynchronous suspension>
#17     AppContext.run.<anonymous closure> (package:flutter_tools/src/base/context.dart:154:19)
<asynchronous suspension>
#18     CommandRunner.runCommand (package:args/command_runner.dart:212:13)
<asynchronous suspension>
#19     FlutterCommandRunner.runCommand.<anonymous closure> (package:flutter_tools/src/runner/flutter_command_runner.dart:496:9)
<asynchronous suspension>
#20     AppContext.run.<anonymous closure> (package:flutter_tools/src/base/context.dart:154:19)
<asynchronous suspension>
#21     FlutterCommandRunner.runCommand (package:flutter_tools/src/runner/flutter_command_runner.dart:431:5)
<asynchronous suspension>
#22     FlutterCommandRunner.run.<anonymous closure> (package:flutter_tools/src/runner/flutter_command_runner.dart:307:33)
<asynchronous suspension>
#23     run.<anonymous closure>.<anonymous closure> (package:flutter_tools/runner.dart:104:11)
<asynchronous suspension>
#24     AppContext.run.<anonymous closure> (package:flutter_tools/src/base/context.dart:154:19)
<asynchronous suspension>
#25     main (package:flutter_tools/executable.dart:103:3)
<asynchronous suspension>
```

## flutter doctor

```
[✓] Flutter (Channel stable, 3.41.1, on Microsoft Windows [Version 10.0.26100.7840], locale en-PH) [507ms]
    • Flutter version 3.41.1 on channel stable at C:\src\flutter
    • Upstream repository https://github.com/flutter/flutter.git
    • Framework revision 582a0e7c55 (12 days ago), 2026-02-12 17:12:32 -0800
    • Engine revision 3452d735bd
    • Dart version 3.11.0
    • DevTools version 2.54.1
    • Feature flags: enable-web, enable-linux-desktop, enable-macos-desktop, enable-windows-desktop, enable-android, enable-ios, cli-animations, enable-native-assets, omit-legacy-version-file, enable-lldb-debugging, enable-uiscene-migration

[✓] Windows Version (11 Home Single Language 64-bit, 24H2, 2009) [1,365ms]

[✓] Android toolchain - develop for Android devices (Android SDK version 36.1.0) [4.0s]
    • Android SDK at C:\Users\LENOVO_\AppData\Local\Android\sdk
    • Emulator version 36.3.10.0 (build_id 14472402) (CL:N/A)
    • Platform android-36, build-tools 36.1.0
    • Java binary at: C:\Program Files\Android\Android Studio\jbr\bin\java
      This is the JDK bundled with the latest Android Studio installation on this machine.
      To manually set the JDK path, use: `flutter config --jdk-dir="path/to/jdk"`.
    • Java version OpenJDK Runtime Environment (build 21.0.8+-14196175-b1038.72)
    • All Android licenses accepted.

[✓] Chrome - develop for the web [281ms]
    • Chrome at C:\Users\LENOVO_\AppData\Local\Google\Chrome\Application\chrome.exe

[!] Visual Studio - develop Windows apps (Visual Studio Community 2022 17.7.5) [280ms]
    • Visual Studio at C:\Program Files\Microsoft Visual Studio\2022\Community
    • Visual Studio Community 2022 version 17.7.34202.233
    ✗ Visual Studio is missing necessary components. Please re-run the Visual Studio installer for the "Desktop development with C++" workload, and include these components:
        MSVC v142 - VS 2019 C++ x64/x86 build tools
         - If there are multiple build tool versions available, install the latest
        C++ CMake tools for Windows
        Windows 10 SDK

[✓] Connected device (3 available) [205ms]
    • Windows (desktop) • windows • windows-x64    • Microsoft Windows [Version 10.0.26100.7840]
    • Chrome (web)      • chrome  • web-javascript • Google Chrome 144.0.7559.110
    • Edge (web)        • edge    • web-javascript • Microsoft Edge 145.0.3800.70

[✓] Network resources [773ms]
    • All expected network resources are available.

! Doctor found issues in 1 category.
```
